<?xml version="1.0" encoding="UTF-8"?>
<testng-results skipped="0" failed="0" ignored="0" total="1" passed="1">
  <reporter-output>
  </reporter-output>
  <suite name="Default suite" duration-ms="16252" started-at="2020-11-23T12:19:46Z" finished-at="2020-11-23T12:20:03Z">
    <groups>
    </groups>
    <test name="Default test" duration-ms="16252" started-at="2020-11-23T12:19:46Z" finished-at="2020-11-23T12:20:03Z">
      <class name="script.SearchAppearanceTest">
        <test-method status="PASS" signature="openApplication()[pri:0, instance:script.SearchAppearanceTest@5b275dab]" name="openApplication" is-config="true" duration-ms="10076" started-at="2020-11-23T12:19:46Z" finished-at="2020-11-23T12:19:56Z">
          <reporter-output>
          </reporter-output>
        </test-method> <!-- openApplication -->
        <test-method status="PASS" signature="searchAppearanceProfile()[pri:0, instance:script.SearchAppearanceTest@5b275dab]" name="searchAppearanceProfile" duration-ms="6144" started-at="2020-11-23T12:19:56Z" finished-at="2020-11-23T12:20:03Z">
          <reporter-output>
          </reporter-output>
        </test-method> <!-- searchAppearanceProfile -->
        <test-method status="PASS" signature="closeApplication()[pri:0, instance:script.SearchAppearanceTest@5b275dab]" name="closeApplication" is-config="true" duration-ms="0" started-at="2020-11-23T12:20:03Z" finished-at="2020-11-23T12:20:03Z">
          <reporter-output>
          </reporter-output>
        </test-method> <!-- closeApplication -->
      </class> <!-- script.SearchAppearanceTest -->
    </test> <!-- Default test -->
  </suite> <!-- Default suite -->
</testng-results>
